<?xml version="1.0" encoding="UTF-8"?>
<robot generator="Robot 7.2.2 (Python 3.10.5 on win32)" generated="2025-02-10T22:20:11.285460" rpa="false" schemaversion="5">
<suite id="s1" name="mouseActions" source="C:\Users\cks_1\AquaProjects\RobotFrameworkPractice\Tests\mouseActions.robot">
<test id="s1-t1" name="TC1 to test the mouse actions using RF" line="12">
<kw name="Open Browser" owner="SeleniumLibrary">
<msg time="2025-02-10T22:20:11.504582" level="INFO">Opening browser 'chrome' to base url 'https://www.demoblaze.com/'.</msg>
<arg>${url}</arg>
<arg>${browser}</arg>
<doc>Opens a new browser instance to the optional ``url``.</doc>
<status status="PASS" start="2025-02-10T22:20:11.504582" elapsed="5.600139"/>
</kw>
<kw name="Sleep" owner="BuiltIn">
<msg time="2025-02-10T22:20:19.110079" level="INFO">Slept 2 seconds.</msg>
<arg>2s</arg>
<doc>Pauses the test executed for the given time.</doc>
<status status="PASS" start="2025-02-10T22:20:17.104721" elapsed="2.005358"/>
</kw>
<kw name="Maximize Browser Window" owner="SeleniumLibrary">
<doc>Maximizes current browser window.</doc>
<status status="PASS" start="2025-02-10T22:20:19.110079" elapsed="0.031087"/>
</kw>
<kw name="Set Selenium Speed" owner="SeleniumLibrary">
<arg>1s</arg>
<doc>Sets the delay that is waited after each Selenium command.</doc>
<status status="PASS" start="2025-02-10T22:20:19.141166" elapsed="0.000991"/>
</kw>
<kw name="Get Selenium Implicit Wait" owner="SeleniumLibrary">
<msg time="2025-02-10T22:20:19.142157" level="INFO">${gettingtime} = 0 seconds</msg>
<var>${gettingtime}</var>
<doc>Gets the implicit wait value used by Selenium.</doc>
<status status="PASS" start="2025-02-10T22:20:19.142157" elapsed="0.000000"/>
</kw>
<kw name="Mouse Down" owner="SeleniumLibrary">
<msg time="2025-02-10T22:20:19.143154" level="INFO">Simulating Mouse Down on element '//a[text()='About us']'.</msg>
<arg>//a[text()='About us']</arg>
<doc>Simulates pressing the left mouse button on the element ``locator``.</doc>
<status status="PASS" start="2025-02-10T22:20:19.143154" elapsed="2.323395"/>
</kw>
<kw name="Set Selenium Implicit Wait" owner="SeleniumLibrary">
<msg time="2025-02-10T22:20:22.479541" level="INFO">${settingTime} = 0 seconds</msg>
<var>${settingTime}</var>
<arg>2s</arg>
<doc>Sets the implicit wait value used by Selenium.</doc>
<status status="PASS" start="2025-02-10T22:20:21.466549" elapsed="1.012992"/>
</kw>
<kw name="Mouse Up" owner="SeleniumLibrary">
<msg time="2025-02-10T22:20:22.483216" level="INFO">Simulating Mouse Up on element '//a[text()='About us']'.</msg>
<arg>//a[text()='About us']</arg>
<doc>Simulates releasing the left mouse button on the element ``locator``.</doc>
<status status="PASS" start="2025-02-10T22:20:22.479541" elapsed="2.297311"/>
</kw>
<kw name="Click Button" owner="SeleniumLibrary">
<msg time="2025-02-10T22:20:24.777171" level="INFO">Clicking button '(//button[text()='Close'])[4]'.</msg>
<arg>(//button[text()='Close'])[4]</arg>
<doc>Clicks the button identified by ``locator``.</doc>
<status status="PASS" start="2025-02-10T22:20:24.777171" elapsed="5.115838"/>
</kw>
<doc>testing the different mouse actions using RF</doc>
<status status="PASS" start="2025-02-10T22:20:11.504582" elapsed="18.388427"/>
</test>
<status status="PASS" start="2025-02-10T22:20:11.301079" elapsed="18.591930"/>
</suite>
<statistics>
<total>
<stat pass="1" fail="0" skip="0">All Tests</stat>
</total>
<tag>
</tag>
<suite>
<stat name="mouseActions" id="s1" pass="1" fail="0" skip="0">mouseActions</stat>
</suite>
</statistics>
<errors>
</errors>
</robot>
